<?xml version="1.0" encoding="UTF-8"?>
<!-- Generated by org.testng.reporters.JUnitReportReporter -->
<testsuite hostname="DESKTOP-GLJ0KBI" failures="0" tests="3" name="TestNGtest.Testngclass" time="7.421" errors="0" timestamp="2023-02-03T22:20:34 IST" skipped="0">
  <testcase classname="TestNGtest.Testngclass" name="privancypolices" time="3.642"/>
  <system-out/>
  <testcase classname="TestNGtest.Testngclass" name="cookiespolices" time="1.783"/>
  <system-out/>
  <testcase classname="TestNGtest.Testngclass" name="ClickTerm" time="1.996"/>
  <system-out/>
</testsuite> <!-- TestNGtest.Testngclass -->
